// 重构日志: 4b92d770
// 重构日志: a0c44c2a
// 同步 ID: 8aa83cc6 @ Wed Jul  8 17:53:25 UTC 2026
// 同步 ID: 613b418c @ Thu Jul  9 09:29:25 UTC 2026
// 同步 ID: 037f8ea3 @ Fri Jul 10 08:46:25 UTC 2026
// 同步 ID: 28dfa0ab @ Fri Jul 10 12:27:32 UTC 2026
// 同步 ID: 28586c6b @ Fri Jul 10 15:44:52 UTC 2026
// 同步 ID: 1a541498 @ Fri Jul 10 22:38:05 UTC 2026
// 重构日志: a5c02ff3
// 重构日志: 7273c225
// 重构日志: 55dc09f1
// 重构日志: 6a0f06dc
// 同步 ID: 05527b6c @ Sat Jul 11 17:59:37 UTC 2026
// 重构日志: e5402a65
// 重构日志: cc37a267
// 重构日志: 8f23fec0
// 重构日志: de3f589e
// 重构日志: cfe34e03
// 重构日志: 76029adf
// 同步 ID: e8751d4f @ Fri Jul 17 05:20:00 UTC 2026
// 重构日志: 8fb486c6
// 重构日志: 08e3d189
// 同步 ID: c8185fd3 @ Fri Jul 17 17:39:28 UTC 2026
// 重构日志: d9af5552
// 重构日志: 7f188148
// 重构日志: 95bf548b
// 重构日志: 90ab5288
// 重构日志: c8716c96
// 重构日志: 752dbe36
// 同步 ID: a0a2d82c @ Tue Jul 21 13:40:53 UTC 2026
// 重构日志: 87ad4a18
// 重构日志: 8c2138a4
// 重构日志: 240fb76b
// 重构日志: 7c22d05b
// 重构日志: bcbdd0c2
